
Showing logs for build [32mcb-kubecd-environment-pr-36-1-b-nzk2c-1[0m stage [32mfrom-build-pack[0m and container [32mstep-credential-initializer-5nv7v[0m
{"level":"warn","ts":1573038300.0325487,"logger":"fallback-logger","caller":"logging/config.go:69","msg":"Fetch GitHub commit ID from kodata failed: \"ref: refs/heads/master\" is not a valid GitHub commit ID"}
{"level":"info","ts":1573038300.0332327,"logger":"fallback-logger","caller":"creds-init/main.go:40","msg":"Credentials initialized."}

Showing logs for build [32mcb-kubecd-environment-pr-36-1-b-nzk2c-1[0m stage [32mfrom-build-pack[0m and container [32mstep-working-dir-initializer-lh646[0m
{"level":"warn","ts":1573038300.9898272,"logger":"fallback-logger","caller":"logging/config.go:69","msg":"Fetch GitHub commit ID from kodata failed: open /var/run/ko/HEAD: no such file or directory"}
{"level":"info","ts":1573038300.9914653,"logger":"fallback-logger","caller":"bash/main.go:65","msg":"Successfully executed command \"mkdir -p /workspace/source\""}

Showing logs for build [32mcb-kubecd-environment-pr-36-1-b-nzk2c-1[0m stage [32mfrom-build-pack[0m and container [32mstep-place-tools[0m

Showing logs for build [32mcb-kubecd-environment-pr-36-1-b-nzk2c-1[0m stage [32mfrom-build-pack[0m and container [32mstep-git-source-cb-kubecd-environment-pr-36-1-b-tm2z8[0m
{"level":"warn","ts":1573038306.122681,"logger":"fallback-logger","caller":"logging/config.go:69","msg":"Fetch GitHub commit ID from kodata failed: \"ref: refs/heads/master\" is not a valid GitHub commit ID"}
{"level":"info","ts":1573038307.1678667,"logger":"fallback-logger","caller":"git/git.go:102","msg":"Successfully cloned https://github.com/cb-kubecd/environment-pr-36-1-boot-gke-production.git @ 1580220f08ce618368062bb6056fcf4bbc2e3ab2 in path /workspace/source"}

Showing logs for build [32mcb-kubecd-environment-pr-36-1-b-nzk2c-1[0m stage [32mfrom-build-pack[0m and container [32mstep-git-merge[0m
Using SHAs from PULL_REFS=master:9aa55c4fd06caf76d84f4fc61b1e91407c6e6efe,1:1580220f08ce618368062bb6056fcf4bbc2e3ab2
DEBUG: ran git fetch --unshallow origin 1580220f08ce618368062bb6056fcf4bbc2e3ab2: 9aa55c4fd06caf76d84f4fc61b1e91407c6e6efe: in 
DEBUG: ran git checkout master in 
DEBUG: ran git reset --hard 9aa55c4fd06caf76d84f4fc61b1e91407c6e6efe in 
DEBUG: ran clean --force -d . in 
DEBUG: ran git merge 1580220f08ce618368062bb6056fcf4bbc2e3ab2 in 
Merged SHA 1580220f08ce618368062bb6056fcf4bbc2e3ab2 with commit message 'chore: Promote bdd-spring-1573037616 to version 0.0.1' into base branch master

Showing logs for build [32mcb-kubecd-environment-pr-36-1-b-nzk2c-1[0m stage [32mfrom-build-pack[0m and container [32mstep-build-helm-build[0m
WARNING: No $CHART_REPOSITORY defined so using the default value of: http://jenkins-x-chartmuseum:8080
Adding missing Helm repo: storage.googleapis.com https://storage.googleapis.com/chartmuseum.jenkins-x.io
Read credentials for https://storage.googleapis.com/chartmuseum.jenkins-x.io from vault helm/repos
Successfully added Helm repository storage.googleapis.com.
Adding missing Helm repo: jenkins-x-chartmuseum http://jenkins-x-chartmuseum:8080
Read credentials for http://jenkins-x-chartmuseum:8080 from vault helm/repos
Successfully added Helm repository jenkins-x-chartmuseum.
WARNING: No $CHART_REPOSITORY defined so using the default value of: http://jenkins-x-chartmuseum:8080
Adding missing Helm repo: chartmuseum.jenkins-x.io http://chartmuseum.jenkins-x.io
Read credentials for http://chartmuseum.jenkins-x.io from vault helm/repos
Successfully added Helm repository chartmuseum.jenkins-x.io.
